<?xml version="1.0" encoding="UTF-8"?>
<!-- Generated by org.testng.reporters.JUnitXMLReporter -->
<testsuite hostname="FC080-NEW" name="TestFirefox" tests="7" failures="2" timestamp="1 Mar 2017 07:39:20 GMT" time="289.349" errors="0">
  <testcase name="employeeTerminationList" time="2.536" classname="com.hrm.scripts.EmployeeTerminationListTest">
    <failure type="java.lang.AssertionError" message="ListBox is not sorted expected [true] but found [false]">
      <![CDATA[java.lang.AssertionError: ListBox is not sorted expected [true] but found [false]
	at com.hrm.base.BasePage.verifyListBoxIsSorted(BasePage.java:52)
	at com.hrm.pages.EmpInfoPage.verifyEmployeeTerminationIsSorted(EmpInfoPage.java:61)
	at com.hrm.scripts.EmployeeTerminationListTest.employeeTerminationList(EmployeeTerminationListTest.java:17)
... Removed 28 stack frames]]>
    </failure>
  </testcase> <!-- employeeTerminationList -->
  <testcase name="testEmpAddDelete" time="48.528" classname="com.hrm.scripts.CreateDeleteMultipleEmployee">
    <failure type="java.lang.AssertionError" message="null">
      <![CDATA[java.lang.AssertionError: null
	at generics.Utility.verifyElementIsPresent(Utility.java:230)
	at com.hrm.base.BasePage.verifyElementIsPresent(BasePage.java:31)
	at com.hrm.pages.EmpInfoPage.allRecordDeleteConfirmation(EmpInfoPage.java:102)
	at com.hrm.scripts.CreateDeleteMultipleEmployee.testEmpAddDelete(CreateDeleteMultipleEmployee.java:43)
... Removed 27 stack frames]]>
    </failure>
  </testcase> <!-- testEmpAddDelete -->
  <testcase name="languageAndFontHelpTest" time="9.262" classname="com.hrm.scripts.LanguageAndFontHelpTest"/>
  <testcase name="testEmpAddDelete" time="28.737" classname="com.hrm.scripts.EmpAddDelete"/>
  <testcase name="testAutoLoginLogout" time="0.005" classname="com.hrm.scripts.LoginLogoutTest"/>
  <testcase name="jobTitleSort" time="3.097" classname="com.hrm.scripts.JobTitleSortDuplicateTest"/>
  <testcase name="searchButtonVisible" time="3.754" classname="com.hrm.scripts.SearchButtonVisibleTest"/>
</testsuite> <!-- TestFirefox -->
