<?xml version="1.0" encoding="UTF-8"?>
<testng-results skipped="0" failed="0" total="1" passed="1">
  <reporter-output>
    <line>
      <![CDATA[Trying to click localization menu]]>
    </line>
    <line>
      <![CDATA[Localization menu clicked]]>
    </line>
    <line>
      <![CDATA[Closing child browser]]>
    </line>
    <line>
      <![CDATA[Child browser closed]]>
    </line>
    <line>
      <![CDATA[Current URL not found or window closed]]>
    </line>
  </reporter-output>
  <suite name="Default suite" duration-ms="118893" started-at="2017-03-30T07:22:32Z" finished-at="2017-03-30T07:24:31Z">
    <groups>
    </groups>
    <test name="Default test" duration-ms="118893" started-at="2017-03-30T07:22:32Z" finished-at="2017-03-30T07:24:31Z">
      <class name="com.hrm.scripts.LanguageAndFontHelpTest">
        <test-method status="PASS" signature="initReport()[pri:0, instance:com.hrm.scripts.LanguageAndFontHelpTest@e92674]" name="initReport" is-config="true" duration-ms="9330" started-at="2017-03-30T12:52:23Z" finished-at="2017-03-30T12:52:32Z">
          <reporter-output>
          </reporter-output>
        </test-method> <!-- initReport -->
        <test-method status="PASS" signature="initGlobalVar()[pri:0, instance:com.hrm.scripts.LanguageAndFontHelpTest@e92674]" name="initGlobalVar" is-config="true" duration-ms="43" started-at="2017-03-30T12:52:32Z" finished-at="2017-03-30T12:52:32Z">
          <reporter-output>
          </reporter-output>
        </test-method> <!-- initGlobalVar -->
        <test-method status="PASS" signature="initApplication(java.lang.String)[pri:0, instance:com.hrm.scripts.LanguageAndFontHelpTest@e92674]" name="initApplication" is-config="true" duration-ms="54934" started-at="2017-03-30T12:52:32Z" finished-at="2017-03-30T12:53:27Z">
          <params>
            <param index="0">
              <value>
                <![CDATA[chrome]]>
              </value>
            </param>
          </params>
          <reporter-output>
          </reporter-output>
        </test-method> <!-- initApplication -->
        <test-method status="PASS" signature="preCondition(java.lang.reflect.Method)[pri:0, instance:com.hrm.scripts.LanguageAndFontHelpTest@e92674]" name="preCondition" is-config="true" duration-ms="34872" started-at="2017-03-30T12:53:27Z" finished-at="2017-03-30T12:54:02Z">
          <params>
            <param index="0">
              <value>
                <![CDATA[public void com.hrm.scripts.LanguageAndFontHelpTest.languageAndFontHelpTest() throws java.lang.InterruptedException]]>
              </value>
            </param>
          </params>
          <reporter-output>
          </reporter-output>
        </test-method> <!-- preCondition -->
        <test-method status="PASS" signature="languageAndFontHelpTest()[pri:0, instance:com.hrm.scripts.LanguageAndFontHelpTest@e92674]" name="languageAndFontHelpTest" duration-ms="24630" started-at="2017-03-30T12:54:02Z" finished-at="2017-03-30T12:54:27Z">
          <reporter-output>
            <line>
              <![CDATA[Trying to click localization menu]]>
            </line>
            <line>
              <![CDATA[Localization menu clicked]]>
            </line>
            <line>
              <![CDATA[Closing child browser]]>
            </line>
            <line>
              <![CDATA[Child browser closed]]>
            </line>
            <line>
              <![CDATA[Current URL not found or window closed]]>
            </line>
          </reporter-output>
        </test-method> <!-- languageAndFontHelpTest -->
        <test-method status="PASS" signature="postCondition(org.testng.ITestResult)[pri:0, instance:com.hrm.scripts.LanguageAndFontHelpTest@e92674]" name="postCondition" is-config="true" duration-ms="1965" started-at="2017-03-30T12:54:27Z" finished-at="2017-03-30T12:54:29Z">
          <params>
            <param index="0">
              <value>
                <![CDATA[[TestResult name=languageAndFontHelpTest status=SUCCESS method=LanguageAndFontHelpTest.languageAndFontHelpTest()[pri:0, instance:com.hrm.scripts.LanguageAndFontHelpTest@e92674] output=Trying to click localization menu]]]>
              </value>
            </param>
          </params>
          <reporter-output>
          </reporter-output>
        </test-method> <!-- postCondition -->
        <test-method status="PASS" signature="closeApplication()[pri:0, instance:com.hrm.scripts.LanguageAndFontHelpTest@e92674]" name="closeApplication" is-config="true" duration-ms="2408" started-at="2017-03-30T12:54:29Z" finished-at="2017-03-30T12:54:31Z">
          <reporter-output>
          </reporter-output>
        </test-method> <!-- closeApplication -->
        <test-method status="PASS" signature="publishReport()[pri:0, instance:com.hrm.scripts.LanguageAndFontHelpTest@e92674]" name="publishReport" is-config="true" duration-ms="4003" started-at="2017-03-30T12:54:31Z" finished-at="2017-03-30T12:54:36Z">
          <reporter-output>
          </reporter-output>
        </test-method> <!-- publishReport -->
      </class> <!-- com.hrm.scripts.LanguageAndFontHelpTest -->
    </test> <!-- Default test -->
  </suite> <!-- Default suite -->
</testng-results>
